  Upload failed: Invalid key: f0f88f64-3f98-4431-9f7b-45b4cfcd152f/Correspondence/ET-1-[Estimate] ($25,864.19)_1.pdf
  Upload failed: The object exceeded the maximum allowed size
  Upload failed: Invalid key: f0f88f64-3f98-4431-9f7b-45b4cfcd152f/Discovery/ET-1-[Estimate] ($25,864.19)_1.pdf
  Upload failed: Invalid key: f0f88f64-3f98-4431-9f7b-45b4cfcd152f/Mediation/Adamson - Mediation Statement jbd -Hans’s Mac mini-2.docx
  Upload failed: Invalid key: f0f88f64-3f98-4431-9f7b-45b4cfcd152f/Mediation/Adamson - Mediation Statement jbd -Hans’s Mac mini.docx
  Upload failed: Invalid key: f0f88f64-3f98-4431-9f7b-45b4cfcd152f/Mediation/Owens Corning Technical Bulletin TB‑10024263‑A – “Mixing Oakridge® Shingles with Oakridge® Shingles Produced Prior to 2008”.pdf
  Upload failed: Invalid key: f0f88f64-3f98-4431-9f7b-45b4cfcd152f/Mediation/Owens Corning – “Oakridge® & TruDefinition® Oakridge Shingles Installation Instructions” (May 2022.pdf
  Upload failed: Invalid key: 67e365b5-bc42-4da3-b581-de0eaef45845/Correspondence/Demand Draft MG-Hans’s Mac mini.docx
  Upload failed: Invalid key: 67e365b5-bc42-4da3-b581-de0eaef45845/Estimates/Victory Claim Services’ Estimate.pdf
  Upload failed: The object exceeded the maximum allowed size
  Upload failed: The object exceeded the maximum allowed size
  Upload failed: The object exceeded the maximum allowed size
  Upload failed: The object exceeded the maximum allowed size
  Upload failed: The object exceeded the maximum allowed size
  Upload failed: The object exceeded the maximum allowed size
  Upload failed: The object exceeded the maximum allowed size
  Upload failed: The object exceeded the maximum allowed size
  Upload failed: The object exceeded the maximum allowed size
  Upload failed: The object exceeded the maximum allowed size
  Upload failed: The object exceeded the maximum allowed size
  Upload failed: The object exceeded the maximum allowed size
  Upload failed: The object exceeded the maximum allowed size
  Upload failed: The object exceeded the maximum allowed size
  Upload failed: The object exceeded the maximum allowed size
  Upload failed: The object exceeded the maximum allowed size
  Upload failed: Invalid key: unmatched/Atkins, Samantha/Medical Records/{62D2DCE7-0528-4D07-AC9E-CD4E143146FF}.dpp
  Upload failed: Invalid key: unmatched/Atkins, Samantha/Medical Records/{79F1772D-39D0-47CF-83B6-133C35618F54}.dpp
  Upload failed: Invalid key: unmatched/Atkins, Samantha/Medical Records/{82E4861E-DF8D-4A80-B50A-06CBA93C2E1D}.dpp
  Upload failed: Invalid key: unmatched/Atkins, Samantha/Medical Records/{C8DC50FA-BB39-440A-87C0-CE1837ABEF52}.dpp
  Upload failed: Invalid key: unmatched/Atkins, Samantha/Medical Records/{060C58E0-5222-4AD9-978D-5E73D0E2FC55}.aar
  Upload failed: Invalid key: unmatched/Atkins, Samantha/Medical Records/{12B01DF8-5535-4BC7-B8E9-80367B6D645F}.dpp
  Upload failed: Invalid key: unmatched/Atkins, Samantha/Medical Records/{E6B244E6-8F8B-47F0-861B-B5B4139C9919}.dpp
  Upload failed: Invalid key: unmatched/Atkins, Samantha/Medical Records/{0F757229-0CC8-43A9-BCD9-551DDF27CD5E}.aar
  Upload failed: Invalid key: unmatched/Atkins, Samantha/Medical Records/{1F19B819-A287-42EB-8630-D1033710191C}.aar
  Upload failed: Invalid key: unmatched/Atkins, Samantha/Medical Records/{29F2D492-2F9A-418A-96DE-DFC46D8C4DC2}.dpp
  Upload failed: Invalid key: unmatched/Atkins, Samantha/Medical Records/{37829791-6BCD-4CA6-9489-AE6189087D5E}.dpp
  Upload failed: Invalid key: unmatched/Atkins, Samantha/Medical Records/{4A4BE4DD-1641-41A7-9C39-52CE185F073B}.dpp
  Upload failed: Invalid key: unmatched/Atkins, Samantha/Medical Records/{9997E10C-65A7-4010-B3FF-68EA3A683CF0}.dpp
  Upload failed: Invalid key: unmatched/Atkins, Samantha/Medical Records/{1E9CCD91-99C8-4619-B44D-7D3429CD53B4}.dpp
  Upload failed: Invalid key: unmatched/Atkins, Samantha/Medical Records/{7F9BE943-DB63-4B07-A158-F6CC15052591}.dpp
  Upload failed: Invalid key: unmatched/Atkins, Samantha/Medical Records/{2AFDD303-5550-4858-8A16-54C94E134A8A}.aar
  Upload failed: Invalid key: unmatched/Atkins, Samantha/Medical Records/{1ADD8DCB-CB16-4E5E-9751-E05EB1DF5489}.dpp
  Upload failed: Invalid key: unmatched/Atkins, Samantha/Medical Records/{EB20DB91-7D4E-4470-BF6E-4827D24A9B79}.dpp
  Upload failed: Invalid key: unmatched/Atkins, Samantha/Medical Records/{0148586B-D5AD-4086-9675-94A51C41B14A}.dpp
  Upload failed: Invalid key: unmatched/Atkins, Samantha/Medical Records/{592AB8FF-68C7-4484-8351-42D7093C9A91}.dpp
  Upload failed: Invalid key: unmatched/Atkins, Samantha/Medical Records/{33D96528-5F14-4CFC-B252-7531E4876D0A}.aar
  Upload failed: Invalid key: unmatched/Atkins, Samantha/Medical Records/{382071F3-85A3-457C-BED3-7EEA2A2C675D}.aar
  Upload failed: Invalid key: unmatched/Atkins, Samantha/Medical Records/{1B607FB2-778E-4D61-AF65-87B3753A1D22}.dpp
  Upload failed: Invalid key: unmatched/Atkins, Samantha/Medical Records/{4282027A-E1AE-4D1C-9F82-759D1B271BE1}.dpp
  Upload failed: Invalid key: unmatched/Atkins, Samantha/Medical Records/{62D2C872-666A-46EB-A8DC-DAE22F8715BA}.dpp
  Upload failed: Invalid key: unmatched/Atkins, Samantha/Medical Records/{697DA6E8-0BB5-4900-B873-B092C570BABA}.dpp
  Upload failed: Invalid key: unmatched/Atkins, Samantha/Medical Records/{DFEEA257-D60D-42E3-ACBD-A66D1B87B9D2}.dpp
  Upload failed: Invalid key: unmatched/Atkins, Samantha/Medical Records/{E3584FD4-6C36-4C49-9370-6F0579AB8E75}.dpp
  Upload failed: Invalid key: unmatched/Atkins, Samantha/Medical Records/{7BD461AA-7780-4878-9113-93A374C24320}.dpp
  Upload failed: Invalid key: unmatched/Atkins, Samantha/Medical Records/{648267E1-4EBF-4080-AB0A-F775C06CAE34}.dpp
  Upload failed: Invalid key: unmatched/Atkins, Samantha/Medical Records/{433456D0-A95F-4BC0-BF33-0B2830416D2D}.aar
  Upload failed: Invalid key: unmatched/Atkins, Samantha/Medical Records/{470A7908-6D14-4E66-9979-1CAE6C37778A}.aar
  Upload failed: Invalid key: unmatched/Atkins, Samantha/Medical Records/{491F164D-6847-4024-8CB2-B2B5060433F4}.aar
  Upload failed: Invalid key: unmatched/Atkins, Samantha/Medical Records/{53F88AD0-AC5F-4CB6-BD39-B6D9D4796B2B}.aar
  Upload failed: Invalid key: unmatched/Atkins, Samantha/Medical Records/{574AA64E-BCA7-41A4-912D-B7C1CEF8F183}.aar
  Upload failed: Invalid key: unmatched/Atkins, Samantha/Medical Records/{57E535B4-86C9-4C7A-BE15-B3B76FB2E1CC}.aar
  Upload failed: Invalid key: unmatched/Atkins, Samantha/Medical Records/{784BC5A5-28CB-4258-9A97-1CC4DA6F1D92}.dpp
  Upload failed: Invalid key: unmatched/Atkins, Samantha/Medical Records/{B8ED1C77-351A-4194-95B5-1D71B8D981AA}.dpp
  Upload failed: Invalid key: unmatched/Atkins, Samantha/Medical Records/{5D392B6A-FADE-4701-A00F-A7CD1244B586}.aar
  Upload failed: Invalid key: unmatched/Atkins, Samantha/Medical Records/{34B1289D-CC2B-48C0-A945-15EBE2C90ED9}.dpp
  Upload failed: Invalid key: unmatched/Atkins, Samantha/Medical Records/{693338A1-4C31-47B5-A936-2C6E69AF299A}.aar
  Upload failed: Invalid key: unmatched/Atkins, Samantha/Medical Records/{C700D154-2F0C-4664-A408-43CA72CA2387}.dpp
  Upload failed: Invalid key: unmatched/Atkins, Samantha/Medical Records/{D8383220-F04E-458D-909C-8B63324883E7}.dpp
  Upload failed: Invalid key: unmatched/Atkins, Samantha/Medical Records/{4E011420-327D-4854-9411-BE0B6B48312C}.dpp
  Upload failed: Invalid key: unmatched/Atkins, Samantha/Medical Records/{788E5401-4C9E-4911-AE36-FFE787FAB0C7}.dpp
  Upload failed: Invalid key: unmatched/Atkins, Samantha/Medical Records/{7924BE42-CE21-41B9-9F0A-0489E5535530}.dpp
  Upload failed: Invalid key: unmatched/Atkins, Samantha/Medical Records/{7A27B75E-8158-41C2-B9FD-BA62A5C4E1FB}.aar
  Upload failed: Invalid key: unmatched/Atkins, Samantha/Medical Records/{7CBF62F2-E55A-44DB-8DE6-E7B5E221A8E8}.aar
  Upload failed: Invalid key: unmatched/Atkins, Samantha/Medical Records/{2247DB0B-3969-4348-8D6C-2D5F3E998E0A}.dpp
  Upload failed: Invalid key: unmatched/Atkins, Samantha/Medical Records/{37EE0F8C-D7A3-4D27-B4FE-8ACC5FE81495}.dpp
  Upload failed: Invalid key: unmatched/Atkins, Samantha/Medical Records/{50335037-CB2B-4723-9025-3496A07FA9C7}.dpp
  Upload failed: Invalid key: unmatched/Atkins, Samantha/Medical Records/{6B06E116-CB55-4E71-B5BA-853D0902DC38}.dpp
  Upload failed: Invalid key: unmatched/Atkins, Samantha/Medical Records/{84E67ED1-21DB-40BF-BFD3-DE784198BB19}.dpp
  Upload failed: Invalid key: unmatched/Atkins, Samantha/Medical Records/{8D9B1D19-5432-43F1-86E7-DDC1336741F8}.dpp
  Upload failed: Invalid key: unmatched/Atkins, Samantha/Medical Records/{80796CB3-C8D4-4E97-B979-10C1F6F907C6}.aar
  Upload failed: Invalid key: unmatched/Atkins, Samantha/Medical Records/{80ACAB87-5BE3-446F-9A03-A014EC275F5C}.aar
  Upload failed: Invalid key: unmatched/Atkins, Samantha/Medical Records/{095DC4A1-6D25-4467-B380-0D46B068487F}.dpp
  Upload failed: Invalid key: unmatched/Atkins, Samantha/Medical Records/{1E4B813C-3317-489D-B985-ABB050525C86}.dpp
  Upload failed: Invalid key: unmatched/Atkins, Samantha/Medical Records/{20E5A35B-E070-4646-AF95-C6E3D665687A}.dpp
  Upload failed: Invalid key: unmatched/Atkins, Samantha/Medical Records/{36EEDA84-94A0-4229-A8D9-396C7C14573E}.dpp
  Upload failed: Invalid key: unmatched/Atkins, Samantha/Medical Records/{73902FF4-8C48-4660-92BB-55B39E4F8FB7}.dpp
  Upload failed: Invalid key: unmatched/Atkins, Samantha/Medical Records/{784BC5A5-28CB-4258-9A97-1CC4DA6F1D92}.dpp
  Upload failed: Invalid key: unmatched/Atkins, Samantha/Medical Records/{96D47A61-4A61-4D71-AB7E-5564E7FB48FB}.dpp
  Upload failed: Invalid key: unmatched/Atkins, Samantha/Medical Records/{9BE27595-05F5-4ABC-8181-09D50FBCE554}.dpp
  Upload failed: Invalid key: unmatched/Atkins, Samantha/Medical Records/{A6D1D867-756F-4455-B900-69E6E5637334}.dpp
  Upload failed: Invalid key: unmatched/Atkins, Samantha/Medical Records/{C19EA1C3-B765-4342-A2D4-2D819C1B711B}.dpp
  Upload failed: Invalid key: unmatched/Atkins, Samantha/Medical Records/{CB5C09CF-9A2D-4067-A2E1-91CF8074A519}.dpp
  Upload failed: Invalid key: unmatched/Atkins, Samantha/Medical Records/{E0426A78-2003-41E8-BFE4-B538556B648A}.dpp
  Upload failed: Invalid key: unmatched/Atkins, Samantha/Medical Records/{F9E75287-66C8-4B6F-BC71-07B8ACA2D04D}.dpp
  Upload failed: Invalid key: unmatched/Atkins, Samantha/Medical Records/{FE600D9B-0334-4850-82EA-BC11E9BF7D8F}.dpp
  Upload failed: Invalid key: unmatched/Atkins, Samantha/Medical Records/{95C92307-EC03-4957-B859-BEAE94F9D92C}.aar
  Upload failed: Invalid key: unmatched/Atkins, Samantha/Medical Records/{026202C1-4A7A-4446-8797-2BB50C893225}.dpp
  Upload failed: Invalid key: unmatched/Atkins, Samantha/Medical Records/{B30DC8E7-2261-4243-A3BA-0EF67B7C309F}.dpp
  Upload failed: Invalid key: unmatched/Atkins, Samantha/Medical Records/{9C9D9C32-3C6E-4533-859D-27DE98D7A2D8}.aar
  Upload failed: Invalid key: unmatched/Atkins, Samantha/Medical Records/{A009F4CE-CA44-4BB1-BF11-306B9FDBE20A}.aar
  Upload failed: Invalid key: unmatched/Atkins, Samantha/Medical Records/{A4EADAF7-F5FF-4147-BB7A-882968A56E5D}.aar
  Upload failed: Invalid key: unmatched/Atkins, Samantha/Medical Records/{A65314CF-1F7D-44C8-A39B-872918277B11}.aar
  Upload failed: Invalid key: unmatched/Atkins, Samantha/Medical Records/{2030CD90-FF24-42DE-AAE3-0CAFB3A0EDBF}.dpp
  Upload failed: Invalid key: unmatched/Atkins, Samantha/Medical Records/{798E6244-4DD8-4376-A3B9-638A2F391767}.dpp
  Upload failed: Invalid key: unmatched/Atkins, Samantha/Medical Records/{7CB30F85-00F6-44CD-906A-10A604A95C34}.dpp
  Upload failed: Invalid key: unmatched/Atkins, Samantha/Medical Records/{9D62CAAF-5845-4959-847B-87705AA2801F}.dpp
  Upload failed: Invalid key: unmatched/Atkins, Samantha/Medical Records/{A1C8FA9B-E947-4315-BD9A-B0A55BBA3E17}.dpp
  Upload failed: Invalid key: unmatched/Atkins, Samantha/Medical Records/{B45253CA-A889-4855-A133-5677ED20D1AD}.dpp
  Upload failed: Invalid key: unmatched/Atkins, Samantha/Medical Records/{BB5B9F4A-65DD-4FDA-A114-0DAB42F3EB77}.dpp
  Upload failed: Invalid key: unmatched/Atkins, Samantha/Medical Records/{C107FFFA-FEFC-4EA1-B0C0-C49EE835D747}.dpp
  Upload failed: Invalid key: unmatched/Atkins, Samantha/Medical Records/{C1FC6EF3-80DC-4C5C-9697-C25F7A281320}.dpp
  Upload failed: Invalid key: unmatched/Atkins, Samantha/Medical Records/{CE73E906-B5FE-4308-A91A-38965E55B313}.dpp
  Upload failed: Invalid key: unmatched/Atkins, Samantha/Medical Records/{D33514C5-77DB-471E-8315-AED167EC373E}.dpp
  Upload failed: Invalid key: unmatched/Atkins, Samantha/Medical Records/{F298F5CF-A33C-4926-BCC2-EFD39D44581A}.dpp
  Upload failed: Invalid key: unmatched/Atkins, Samantha/Medical Records/{F4C1D320-8EBF-4121-BF72-363E93F3C0C2}.dpp
  Upload failed: Invalid key: unmatched/Atkins, Samantha/Medical Records/{B30E3E36-37F2-425F-AC89-AD63F5977FF1}.aar
  Upload failed: Invalid key: unmatched/Atkins, Samantha/Medical Records/{CA4104EE-1DCD-40F9-838B-3B2F90DCC5A0}.aar
  Upload failed: Invalid key: unmatched/Atkins, Samantha/Medical Records/{5C7A0797-5E18-425F-B6A9-F5028474F012}.dpp
  Upload failed: Invalid key: unmatched/Atkins, Samantha/Medical Records/{ACD2D3F2-27C7-4B04-98F1-2CB816647A00}.dpp
  Upload failed: Invalid key: unmatched/Atkins, Samantha/Medical Records/{FA9B6E11-BC40-4F75-A889-D7E232B53707}.dpp
  Upload failed: Invalid key: unmatched/Atkins, Samantha/Medical Records/{CDA06733-CDA7-4E04-82CA-AA253483E69B}.aar
  Upload failed: Invalid key: unmatched/Atkins, Samantha/Medical Records/{D1CBB04A-3C14-4724-8EAE-9CEDC99F9480}.dpp
  Upload failed: Invalid key: unmatched/Atkins, Samantha/Medical Records/{6B14503D-5572-4CA1-B73F-1C3BA2A97FF5}.dpp
  Upload failed: Invalid key: unmatched/Atkins, Samantha/Medical Records/{023514E7-3D6D-40D6-9A28-572962DEB03F}.dpp
  Upload failed: Invalid key: unmatched/Atkins, Samantha/Medical Records/{61033B56-6106-43DC-89C2-A713E7D7D8B3}.dpp
  Upload failed: Invalid key: unmatched/Atkins, Samantha/Medical Records/{66DD406E-F799-4EEB-980B-C10BDC477D85}.dpp
  Upload failed: Invalid key: unmatched/Atkins, Samantha/Medical Records/{803E38C1-8877-406F-B450-7B1AFF6A643C}.dpp
  Upload failed: Invalid key: unmatched/Atkins, Samantha/Medical Records/{840E858E-78B3-46D4-90CC-157A71812781}.dpp
  Upload failed: Invalid key: unmatched/Atkins, Samantha/Medical Records/{999CB2A8-F930-4A55-962D-9BF86192BDE3}.dpp
  Upload failed: Invalid key: unmatched/Atkins, Samantha/Medical Records/{A5C03606-1028-49EE-8B4E-B2ED15FCD2ED}.dpp
  Upload failed: Invalid key: unmatched/Atkins, Samantha/Medical Records/{E4B5E6D2-7C24-4DF5-81A9-6F41E62AFDB0}.dpp
  Upload failed: Invalid key: unmatched/Atkins, Samantha/Medical Records/{E69AC18A-3EA2-4B5D-AD8E-9BC258A584B0}.aar
  Upload failed: Invalid key: unmatched/Atkins, Samantha/Medical Records/{7BB4DDE7-9358-4C65-9C58-3842792DBBEA}.dpp
  Upload failed: Invalid key: unmatched/Atkins, Samantha/Medical Records/{BCE7B14B-BBA8-432D-8A75-C4CFAB2D0475}.dpp
  Upload failed: Invalid key: unmatched/Atkins, Samantha/Medical Records/{1B607FB2-778E-4D61-AF65-87B3753A1D22}.dpp
  Upload failed: Invalid key: unmatched/Atkins, Samantha/Medical Records/{260F0323-FF6D-4A0D-9950-8D46981A2447}.dpp
  Upload failed: Invalid key: unmatched/Atkins, Samantha/Medical Records/{697DA6E8-0BB5-4900-B873-B092C570BABA}.dpp
  Upload failed: Invalid key: unmatched/Atkins, Samantha/Medical Records/{8F284160-F168-4780-A57E-8ACF25697560}.dpp
  Upload failed: Invalid key: unmatched/Atkins, Samantha/Medical Records/{B557247C-3D38-4242-8F82-E98465E46657}.dpp
  Upload failed: Invalid key: unmatched/Atkins, Samantha/Medical Records/{174809C0-A011-4BA2-9891-25C162B6B247}.dpp
  Upload failed: Invalid key: unmatched/Atkins, Samantha/Medical Records/{345D961F-A849-408C-9B60-EA91E72D0BD2}.dpp
  Upload failed: Invalid key: unmatched/Atkins, Samantha/Medical Records/{F537FD4F-608C-4CA0-808E-A48D56A97246}.aar
  Upload failed: Invalid key: unmatched/Atkins, Samantha/Medical Records/{B1F370CD-F2FF-4F77-A87F-1E53C5EEF39A}.dpp
  Upload failed: Invalid key: unmatched/Atkins, Samantha/Medical Records/{EE84F615-F1FE-4594-A38C-1D2BB52ECFDB}.dpp
  Upload failed: Invalid key: unmatched/Atkins, Samantha/Medical Records/{62D2DCE7-0528-4D07-AC9E-CD4E143146FF}.dpp
  Upload failed: Invalid key: unmatched/Atkins, Samantha/Medical Records/{72FF16C5-35CF-487C-A9A6-B91E026DE9CF}.dpp
  Upload failed: Invalid key: unmatched/Atkins, Samantha/Medical Records/{79F1772D-39D0-47CF-83B6-133C35618F54}.dpp
  Upload failed: Invalid key: unmatched/Atkins, Samantha/Medical Records/{7D2EA5C8-FBD4-4E98-9CCC-22E852414C5C}.dpp
  Upload failed: Invalid key: unmatched/Atkins, Samantha/Medical Records/{850B1426-434D-4E57-8EE0-C8CD583203E2}.dpp
  Upload failed: Invalid key: unmatched/Atkins, Samantha/Medical Records/{2E956F06-FB18-4D4A-9C7A-37CBE120E5EE}.dpp
  Upload failed: Invalid key: unmatched/Atkins, Samantha/Medical Records/{90B18C39-1962-4E89-A234-ABC68C4E8F0D}.dpp
  Upload failed: Invalid key: unmatched/Atkins, Samantha/Medical Records/{F020F1E6-CF2F-418E-A48A-846A202F1BDA}.dpp
  Upload failed: Invalid key: unmatched/Atkins, Samantha/Medical Records/{CDF80829-B9EF-44FC-BAE0-58CC85EAE18F}.dpp
  Upload failed: The object exceeded the maximum allowed size
  Upload failed: The object exceeded the maximum allowed size
  Upload failed: Invalid key: unmatched/Attachments/root/INT and RFPD to PL [FINAL].docx
  Upload failed: The object exceeded the maximum allowed size
  Upload failed: The object exceeded the maximum allowed size
  Upload failed: The object exceeded the maximum allowed size
  Upload failed: Invalid key: 3aef5538-9706-47d7-b843-39d6a414a36a/E-Pleadings/[Doc 10]-2026.02.09-NOS of Discovery Responses to Plf RFA-AAIC.pdf
  Upload failed: Invalid key: 3aef5538-9706-47d7-b843-39d6a414a36a/E-Pleadings/[Doc 11]-Order Granting Motion for Admission Pro Hac Vice(Singer)-AAIC.pdf
  Upload failed: Invalid key: 3aef5538-9706-47d7-b843-39d6a414a36a/E-Pleadings/[Doc 12]-2026.02.09-Order Granting Motion for Admission Pro Hac Vice(Romero)-AAIC.pdf
  Upload failed: Invalid key: 3aef5538-9706-47d7-b843-39d6a414a36a/E-Pleadings/[Doc 14]-2026.02.12-Order for Meeting and Report-Autumn Gardens.pdf
  Upload failed: Invalid key: 3aef5538-9706-47d7-b843-39d6a414a36a/E-Pleadings/[Doc 8]-2026.02.04-Motion for Admission Pro Hac Vice (OC)-AAIC.pdf
  Upload failed: Invalid key: 3aef5538-9706-47d7-b843-39d6a414a36a/E-Pleadings/[Doc 9]-2026.02.09-Answer and Affirmative Defenses-AAIC.pdf
  Upload failed: The object exceeded the maximum allowed size
  Upload failed: The object exceeded the maximum allowed size
  Upload failed: The object exceeded the maximum allowed size
  Upload failed: Invalid key: 015433b9-dbf5-4fe1-95da-164f4eb243a7/Client Docs/5-21-2024_Bassel_PRIORITY MAIL EXPRESS®.pdf
  Upload failed: The object exceeded the maximum allowed size
  Upload failed: Invalid key: 2ff053b7-a6e3-4967-bfe6-501fd9705ca7/E-Pleadings/[Doc 20]-2026.02.05-Plf' Unopposed Motion to Amend Expert Dislcosure Deadlines and Proposed Order-Beckner.pdf
  Upload failed: Invalid key: 2ff053b7-a6e3-4967-bfe6-501fd9705ca7/E-Pleadings/[Doc 21]-2026.02.06-Notice of Withdrawal of OC-Safeco.pdf
  Upload failed: Invalid key: 9e2cde93-6e2e-4ee8-9550-df68a20c9c14/E-Pleadings/[Doc 6]-2026.02.10-Joint Report of Parties Planning Meeting-Bishop.pdf
  Upload failed: Invalid key: 9e2cde93-6e2e-4ee8-9550-df68a20c9c14/E-Pleadings/[Doc 7]-2026.02.13-Scheduling Order-Bishop.pdf
  Upload failed: The object exceeded the maximum allowed size
  Upload failed: The object exceeded the maximum allowed size
  Upload failed: The object exceeded the maximum allowed size
  Upload failed: The object exceeded the maximum allowed size
  Upload failed: Invalid key: unmatched/Bowman, Nathaniel/Valuation/17_2012 Jeep Wrangler · Sahara Sport Utility 4D - Cars & Trucks - Portland, Tennessee  Facebook Marketplace  Facebook.pdf
  Upload failed: Invalid key: unmatched/Bowman, Nathaniel/Valuation/20_2012 Jeep Wrangler Unlimited · Sahara.pdf
  Upload failed: Invalid key: f632e02c-f9d0-491c-b252-9f096494ad65/E-Pleadings/[Doc 17]-2026.02.10-Teleconference Order-Branscum.pdf
  Upload failed: The object exceeded the maximum allowed size
  Upload failed: Invalid key: 0ef39107-9302-42a7-bd2a-6493d853dd1d/Medical Records/Laurel Clinic – Family Medicine - medical records request.pdf
  Upload failed: Invalid key: 0ef39107-9302-42a7-bd2a-6493d853dd1d/Receipts/(Date on a receipt)_6^00 Id.pdf
  Upload failed: Invalid key: 0ef39107-9302-42a7-bd2a-6493d853dd1d/Receipts/(Date on a receipt)_MuOonaId’s Restaurant.pdf
  Upload failed: Invalid key: 0ef39107-9302-42a7-bd2a-6493d853dd1d/Receipts/(Date on a receipt)_T -- ~J0.pdf
  Upload failed: Invalid key: 0ef39107-9302-42a7-bd2a-6493d853dd1d/Receipts/(Date on a receipt)_v i__oi.gsfC^_.pdf
  Upload failed: Bad Request
  Upload failed: Invalid key: 0ef39107-9302-42a7-bd2a-6493d853dd1d/Receipts/07312024_McDonald's fleet ■.pdf
  Upload failed: Invalid key: 0ef39107-9302-42a7-bd2a-6493d853dd1d/Receipts/08012024_surve}.walmart.com.pdf
  Upload failed: Invalid key: 0ef39107-9302-42a7-bd2a-6493d853dd1d/Receipts/09032024_DENNY’S OVERi&.pdf
  Upload failed: Bad Request
  Upload failed: Invalid key: 0ef39107-9302-42a7-bd2a-6493d853dd1d/Receipts/12042024_Walmart)].pdf
  Upload failed: Invalid key: 0ef39107-9302-42a7-bd2a-6493d853dd1d/Receipts/12102025_'AM _o. oo fa 3r ‘_7 7^.pdf
  Upload failed: Bad Request
  Upload failed: Invalid key: 0ef39107-9302-42a7-bd2a-6493d853dd1d/Receipts/07312024_^ '0) 7_.pdf
  Upload failed: Invalid key: 0ef39107-9302-42a7-bd2a-6493d853dd1d/Receipts/08152024_Hoy 2i'2fT^.pdf
  Upload failed: Invalid key: 0ef39107-9302-42a7-bd2a-6493d853dd1d/Receipts/08182024_■p _.pdf
  Upload failed: Bad Request
  Upload failed: Invalid key: 0ef39107-9302-42a7-bd2a-6493d853dd1d/Receipts/10132024__0 ®.pdf
  Upload failed: Invalid key: 0ef39107-9302-42a7-bd2a-6493d853dd1d/Receipts/11172024_.Ill) [Front St.pdf
  Upload failed: Invalid key: 0ef39107-9302-42a7-bd2a-6493d853dd1d/Receipts/11222024_le®_ cOc_lUtM.pdf
  Upload failed: Invalid key: 0ef39107-9302-42a7-bd2a-6493d853dd1d/Receipts/11252024_«Gt.pdf
  Upload failed: Invalid key: 0ef39107-9302-42a7-bd2a-6493d853dd1d/Receipts/(Date on a receipt)_'■ Tf -T»_.pdf
  Upload failed: Invalid key: 0ef39107-9302-42a7-bd2a-6493d853dd1d/Receipts/(Date on a receipt)_vie.i 'tine ■..pdf
  Upload failed: Invalid key: 0ef39107-9302-42a7-bd2a-6493d853dd1d/Receipts/(Date on a receipt)__•__
  Upload failed: Invalid key: 0ef39107-9302-42a7-bd2a-6493d853dd1d/Receipts/(Date on a receipt)_’_ !'_•■!.pdf
  Upload failed: Invalid key: 0ef39107-9302-42a7-bd2a-6493d853dd1d/Receipts/(Date on a receipt)_■ 
  Upload failed: Invalid key: 0ef39107-9302-42a7-bd2a-6493d853dd1d/Receipts/04272002_’tsnimutsi.pdf
  Upload failed: Invalid key: 0ef39107-9302-42a7-bd2a-6493d853dd1d/Receipts/(Date on a receipt)_■iff
  Upload failed: Invalid key: 0ef39107-9302-42a7-bd2a-6493d853dd1d/Receipts/08202024_LAUREL ACE’HARDWARE.pdf
  Upload failed: Invalid key: 0ef39107-9302-42a7-bd2a-6493d853dd1d/Receipts/09052024_•with Walmart+.pdf
  Upload failed: Invalid key: 0ef39107-9302-42a7-bd2a-6493d853dd1d/Receipts/09092024_w with Walmar^fr.pdf
  Upload failed: Invalid key: 0ef39107-9302-42a7-bd2a-6493d853dd1d/Receipts/10082024_•i with Walmart+.pdf
  Upload failed: Invalid key: 0ef39107-9302-42a7-bd2a-6493d853dd1d/Receipts/11252024_i c,o^sM_^.pdf
  Upload failed: Invalid key: 0ef39107-9302-42a7-bd2a-6493d853dd1d/Receipts/12112025_us feedback ®survey.A=tim.3_'t com you! ID 
  Upload failed: The object exceeded the maximum allowed size
  Upload failed: The object exceeded the maximum allowed size
  Upload failed: The object exceeded the maximum allowed size
  Upload failed: Invalid key: f1537b52-2fed-400e-8164-a842fd5d1d6e/Correspondence/Fwd_ FW_ [EXTERNAL] Re_ 105 Clara Dr, Richmond, KY.eml
  Upload failed: The object exceeded the maximum allowed size
  Upload failed: Invalid key: f1537b52-2fed-400e-8164-a842fd5d1d6e/Discovery/Fwd_ FW_ [EXTERNAL] Re_ 105 Clara Dr, Richmond, KY.eml
  Upload failed: Invalid key: f1537b52-2fed-400e-8164-a842fd5d1d6e/Discovery/Fwd_ FW_ [EXTERNAL] Re_ 105 Clara Dr, Richmond, KY.eml
  Upload failed: The object exceeded the maximum allowed size
  Upload failed: The object exceeded the maximum allowed size
  Upload failed: Invalid key: unmatched/Carpenter. Greg/Photos/20250707_153151~2.jpg
  Upload failed: Invalid key: fa130fdb-6502-4800-a1a0-d8edfc50ad4e/Confidentiality and NDA (Claims Related) - 11_11_25, 12_28 PM.pdf/Confidentiality and NDA (Claims Related) - 11_11_25, 12_28 PM.pdf
  Upload failed: Invalid key: fa130fdb-6502-4800-a1a0-d8edfc50ad4e/E-Pleadings/[Doc 7]-2026.02.10-Order for Meeting and Report-Champions.pdf
  Upload failed: The object exceeded the maximum allowed size
  Upload failed: The object exceeded the maximum allowed size
  Upload failed: Invalid key: ff4c6438-c2e0-4ab7-b2a0-22459d10cdde/PSA Letterheadç.pdf/PSA Letterheadç.pdf
  Upload failed: The object exceeded the maximum allowed size
  Upload failed: Invalid key: unmatched/CLOSED/Beard, Melvin/Fwd_ I’m sending you this it is my rough draft.eml
  Upload failed: Invalid key: unmatched/CLOSED/Beard, Melvin/Yahoo Mail - Re I meant to send these several times so I’m just rough draft or finished. Can you send them as is or I never will at all.pdf
  Upload failed: The object exceeded the maximum allowed size
  Upload failed: Invalid key: unmatched/CLOSED/Beard, Melvin/Fwd_ I’m sending you this it is my rough draft.eml
  Upload failed: Invalid key: unmatched/CLOSED/Beard, Melvin/Yahoo Mail - Re I meant to send these several times so I’m just rough draft or finished. Can you send them as is or I never will at all.pdf
  Upload failed: Invalid key: unmatched/CLOSED/Beard, Melvin/Screenshot 2025-04-24 at 4.04.31 PM.png
  Upload failed: Invalid key: unmatched/CLOSED/Beard, Melvin/Complaint[29].pdf
  Upload failed: Invalid key: unmatched/CLOSED/Beard, Melvin/Complaint[3].pdf
  Upload failed: Invalid key: unmatched/CLOSED/Beavers, Rex/Beavers eng report 05L[77].pdf
  Upload failed: Invalid key: unmatched/CLOSED/Beavers, Rex/Beavers eng report 05L[84].pdf
  Upload failed: Invalid key: unmatched/CLOSED/Beavers, Rex/Beavers18J[19].pdf
  Upload failed: The object exceeded the maximum allowed size
  Upload failed: The object exceeded the maximum allowed size
  Upload failed: The object exceeded the maximum allowed size
  Upload failed: The object exceeded the maximum allowed size
  Upload failed: Invalid key: unmatched/CLOSED/Beavers, Rex/Beavers 18J policy[79].pdf
  Upload failed: Invalid key: unmatched/CLOSED/Beavers, Rex/Beavers 18J policy[99].pdf
  Upload failed: Invalid key: unmatched/CLOSED/Beavers, Rex/Beavers eng report 05L[77].pdf
  Upload failed: Invalid key: unmatched/CLOSED/Beavers, Rex/Beavers eng report 05L[84].pdf
  Upload failed: Invalid key: unmatched/CLOSED/Beavers, Rex/Beavers18J[19].pdf
  Upload failed: Invalid key: unmatched/CLOSED/Beavers, Rex/24.11.28 Order granting [15] Joint Motion to Bifurcate and Stay Discovery on Bad Faith Claim - Beavers.pdf
  Upload failed: Invalid key: unmatched/CLOSED/Beavers, Rex/Beavers v SFF_CC - Answer to Complaint [DN 3] - 8-22-24(45511486.1).pdf
  Upload failed: Invalid key: unmatched/CLOSED/Beavers, Rex/Beavers v SFF_CC - Corporate Disclosure [DN 4] - 8-22-24(45511487.1).pdf
  Upload failed: Invalid key: unmatched/CLOSED/Beavers, Rex/Beavers v SFF_CC - MFPD of Breach of Contract Claim [DN 8] - 8-22-24.pdf
  Upload failed: Invalid key: unmatched/CLOSED/Beavers, Rex/Beavers v SFF_CC - MTD Claim Specialists [DN 6] - 8-22-24(45511493.1).pdf
  Upload failed: Invalid key: unmatched/CLOSED/Beavers, Rex/Beavers v SFF_CC - Notice of Removal [DN 1] - 8-22-24(45511483.1).pdf
  Upload failed: Invalid key: unmatched/CLOSED/Beavers, Rex/Beavers v SFF_CC - Rule 7.1(a)(2) Disclosure [DN 5] - 8-22-24(45511489.1).pdf
  Upload failed: Invalid key: unmatched/CLOSED/Beavers, Rex/Beavers 18J policy[79].pdf
  Upload failed: Invalid key: unmatched/CLOSED/Beavers, Rex/Beavers 18J policy[99].pdf
  Upload failed: Invalid key: unmatched/CLOSED/Blackmon, Cindy/Blackmon Proposal[89].pdf
  Upload failed: The object exceeded the maximum allowed size
  Upload failed: Invalid key: unmatched/CLOSED/Cady, Noreen/SIGNEDConstruction Contract_Noreen Cady_532 Pemble Drive-Signed[5865].pdf
  Upload failed: The object exceeded the maximum allowed size
  Upload failed: The object exceeded the maximum allowed size
  Upload failed: The object exceeded the maximum allowed size
  Upload failed: The object exceeded the maximum allowed size
  Upload failed: Invalid key: unmatched/CLOSED/Cady, Noreen/12.10.24 STATE FARM FIRE AND CASUALTY COMPANY’S PRELIMINARY PRETRIAL STATEMENT - Cady.pdf
  Upload failed: Invalid key: unmatched/CLOSED/Cady, Noreen/SIGNEDConstruction Contract_Noreen Cady_532 Pemble Drive-Signed[5865].pdf
  Upload failed: Invalid key: unmatched/CLOSED/Campbell, Ethan/[Untitled].pdf
  Upload failed: Invalid key: unmatched/CLOSED/Clatt, Bradford/Your OnlineNotary, Inc. receipt [
  Upload failed: The object exceeded the maximum allowed size
  Upload failed: The object exceeded the maximum allowed size
  Upload failed: The object exceeded the maximum allowed size
  Upload failed: The object exceeded the maximum allowed size
  Upload failed: The object exceeded the maximum allowed size
  Upload failed: The object exceeded the maximum allowed size
  Upload failed: Invalid key: unmatched/CLOSED/Clatt, Bradford/PLAINTIFF’S FIRST SET OF INTERROGATORIES TO DEFENDANT SERVED WITH THE COMPLAINT .pdf
  Upload failed: Invalid key: unmatched/CLOSED/Clatt, Bradford/POL Unexecuted Sworn Statement [7-12-13].pdf
  Upload failed: The object exceeded the maximum allowed size
  Upload failed: Invalid key: unmatched/CLOSED/Clatt, Bradford/FPI236180 Clatt Forensic Report GWE 23-29571.pdf [audit].pdf
  Upload failed: The object exceeded the maximum allowed size
  Upload failed: The object exceeded the maximum allowed size
  Upload failed: The object exceeded the maximum allowed size
  Upload failed: The object exceeded the maximum allowed size
  Upload failed: The object exceeded the maximum allowed size
  Upload failed: Invalid key: unmatched/CLOSED/Clatt, Bradford/FN 28. 2020 Section 1521.2 High-Velocity Hurricane Zones—Reroofing.pdf
  Upload failed: Invalid key: unmatched/CLOSED/Clatt, Bradford/FN 29. 2020 Section 1512.2.1 High-Velocity Hurricane Zones—General.pdf
  Upload failed: Invalid key: unmatched/CLOSED/Commerford, Ben/Complaint Draft Commerford - DTH[67].docx
  Upload failed: Invalid key: unmatched/CLOSED/Cooper, Natasha/COOPER_0208_REP Ian~SCooper.ESX
  Upload failed: Invalid key: unmatched/CLOSED/Cooper, Natasha/COOPER_0208_REP Ian~SCooper.ESX
  Upload failed: The object exceeded the maximum allowed size
  Upload failed: The object exceeded the maximum allowed size
  Upload failed: The object exceeded the maximum allowed size
  Upload failed: The object exceeded the maximum allowed size
  Upload failed: The object exceeded the maximum allowed size
  Upload failed: Invalid key: unmatched/CLOSED/Elk Horn Farm/Pltf initial disclosures [8-12-22].docx
  Upload failed: Invalid key: unmatched/CLOSED/Elk Horn Farm/Report of Planning Meeting [DRAFT].pdf
  Upload failed: The object exceeded the maximum allowed size
  Upload failed: The object exceeded the maximum allowed size
  Upload failed: Invalid key: unmatched/CLOSED/Elliott, Andy/9.9.24 LIBERTY’S ANSWER TO PLAINTIFF’S AMENDED COMPLAINT _ Elliot.pdf
  Upload failed: Invalid key: unmatched/CLOSED/Funke, Randy/DocRetrievalServlet[22].pdf
  Upload failed: The object exceeded the maximum allowed size
  Upload failed: Invalid key: unmatched/CLOSED/Green, Melissa/Your OnlineNotary, Inc. receipt [
  Upload failed: Invalid key: unmatched/CLOSED/Griffitts, Barbra/11.11.24 Plaintiff’s Response To Deendant’s Motion To Dismiss, Or In The Alternative, For Summary Judgment- Griffitts.pdf
  Upload failed: The object exceeded the maximum allowed size
  Upload failed: The object exceeded the maximum allowed size
  Upload failed: Invalid key: unmatched/CLOSED/Guter, Edan/10.17.24 ORDER ON DEFENDANT, CUTTING EDGE SMS, LLC AND CHARLES EDGSON’S EMERGENCY MOTION TO ENFORCE ACCEPTANCE OF PLAINTIFF’S DEMAND FOR JUDGMENT AND ATTORNEY FEES AND MOTION TO DISMISS SIGNED - GUTER.pdf
  Upload failed: The object exceeded the maximum allowed size
  Upload failed: Invalid key: unmatched/CLOSED/Higdon, Douglas/301982FAB6EF518B.20240128203631038.125[1].PDF
  Upload failed: Invalid key: unmatched/CLOSED/Higdon, Douglas/301982FAB6EF518B.20240128203631038.125[2].PDF
  Upload failed: Invalid key: unmatched/CLOSED/Higdon, Douglas/RE_ [External] 0720478205.eml
  Upload failed: Invalid key: unmatched/CLOSED/Higdon, Douglas/[External] RE_ Allstate Claim_0720478205.eml
  Upload failed: The object exceeded the maximum allowed size
  Upload failed: Invalid key: unmatched/CLOSED/Johnson, Jade/Your OnlineNotary, Inc. receipt [
  Upload failed: The object exceeded the maximum allowed size
  Upload failed: The object exceeded the maximum allowed size
  Upload failed: The object exceeded the maximum allowed size
  Upload failed: The object exceeded the maximum allowed size
  Upload failed: The object exceeded the maximum allowed size
  Upload failed: The object exceeded the maximum allowed size
  Upload failed: The object exceeded the maximum allowed size
  Upload failed: The object exceeded the maximum allowed size
  Upload failed: The object exceeded the maximum allowed size
  Upload failed: The object exceeded the maximum allowed size
  Upload failed: The object exceeded the maximum allowed size
  Upload failed: The object exceeded the maximum allowed size
  Upload failed: The object exceeded the maximum allowed size
  Upload failed: The object exceeded the maximum allowed size
  Upload failed: The object exceeded the maximum allowed size
  Upload failed: The object exceeded the maximum allowed size
  Upload failed: The object exceeded the maximum allowed size
  Upload failed: The object exceeded the maximum allowed size
  Upload failed: Invalid key: unmatched/CLOSED/Jones, Erin/01.08.25 WESTFIELD INSURANCE COMPANY’S NOTICE OF ELECTION OF ELECTRONIC SERVICE-Jones.pdf
  Upload failed: The object exceeded the maximum allowed size
  Upload failed: The object exceeded the maximum allowed size
  Upload failed: Invalid key: unmatched/CLOSED/Jones, Erin/Updated Sewer Costs.docx[79].pdf
  Upload failed: Invalid key: unmatched/CLOSED/Kline, Christopher/It‘s getting hot in here 🔥 _ r_amazoneero.pdf
  Upload failed: Invalid key: unmatched/CLOSED/Kline, Christopher/Ummm anyone else’s outlet looking like a fire hazard from an eero beacon_ _ r_eero.pdf
  Upload failed: Invalid key: unmatched/CLOSED/Kline, Christopher/Kline KCA invoice[58].pdf
  Upload failed: Invalid key: unmatched/CLOSED/Knight, Hillary/Your OnlineNotary, Inc. receipt [
  Upload failed: Invalid key: unmatched/CLOSED/Korner, Knut/3.7.24 – 4.5.24 Emails between winning the claim and IFB.pdf
  Upload failed: The object exceeded the maximum allowed size
  Upload failed: The object exceeded the maximum allowed size
  Upload failed: The object exceeded the maximum allowed size
  Upload failed: The object exceeded the maximum allowed size
  Upload failed: The object exceeded the maximum allowed size
  Upload failed: Invalid key: unmatched/CLOSED/Lebanon Suites LLC/7.20.23 SOUTH CENTRAL , • ROOFING quote.pdf
  Upload failed: The object exceeded the maximum allowed size
  Upload failed: The object exceeded the maximum allowed size
  Upload failed: The object exceeded the maximum allowed size
  Upload failed: The object exceeded the maximum allowed size
  Upload failed: Invalid key: unmatched/CLOSED/Mann Solar Energy/Attorney Notes[50].docx
  Upload failed: The object exceeded the maximum allowed size
  Upload failed: Invalid key: unmatched/CLOSED/Mann Solar Energy/01.17.25 DEFENDANT’S CR 26.02(4) EXPERT DISCLOSURES- Mann Solar.pdf
  Upload failed: Invalid key: unmatched/CLOSED/Mann Solar Energy/05.09.25 RESPONSE IN OPPOSITION TO OWNERS INSURANCE COMPANY’S MOTION FOR SUMMARY JUDGMENT-tennispiper.pdf
  Upload failed: Invalid key: unmatched/CLOSED/Mann Solar Energy/05.10.25 RESPONSE TO DEFENDANT OWNERS’ INSURANCE COMPANY’S MOTION FOR SUMMARY JUDGMENT UPON COMPLAINT FOR DECLARATORY JUDGMENT-tennispiper.pdf
  Upload failed: Invalid key: unmatched/CLOSED/Mann Solar Energy/230322.AnswertoThirdPartyComplaint.law[26].docx
  Upload failed: Invalid key: unmatched/CLOSED/Mann Solar Energy/230322.AnswertoThirdPartyComplaint.law[26].pdf
  Upload failed: Invalid key: unmatched/CLOSED/Mann Solar Energy/MSJ RESP[87].docx
  Upload failed: The object exceeded the maximum allowed size
  Upload failed: The object exceeded the maximum allowed size
  Upload failed: The object exceeded the maximum allowed size
  Upload failed: The object exceeded the maximum allowed size
  Upload failed: The object exceeded the maximum allowed size
  Upload failed: The object exceeded the maximum allowed size
  Upload failed: The object exceeded the maximum allowed size
  Upload failed: The object exceeded the maximum allowed size
  Upload failed: Invalid key: unmatched/CLOSED/Mann Solar Energy/240108. Joint Motion for Special Hearing.cls[78].docx
  Upload failed: The object exceeded the maximum allowed size
  Upload failed: The object exceeded the maximum allowed size
  Upload failed: The object exceeded the maximum allowed size
  Upload failed: The object exceeded the maximum allowed size
  Upload failed: The object exceeded the maximum allowed size
  Upload failed: The object exceeded the maximum allowed size
  Upload failed: The object exceeded the maximum allowed size
  Upload failed: The object exceeded the maximum allowed size
  Upload failed: The object exceeded the maximum allowed size
  Upload failed: Invalid key: unmatched/CLOSED/Menning, Kevin/Complaint Menning[25].docx
  Upload failed: Invalid key: unmatched/CLOSED/Menning, Kevin/Complaint Menning[72].docx
  Upload failed: Invalid key: unmatched/CLOSED/Menning, Kevin/PLAINTIFFS’ ANSWERS AND RESPONSES.pdf
  Upload failed: The object exceeded the maximum allowed size
  Upload failed: The object exceeded the maximum allowed size
  Upload failed: The object exceeded the maximum allowed size
  Upload failed: The object exceeded the maximum allowed size
  Upload failed: The object exceeded the maximum allowed size
  Upload failed: The object exceeded the maximum allowed size
  Upload failed: The object exceeded the maximum allowed size
  Upload failed: The object exceeded the maximum allowed size
  Upload failed: The object exceeded the maximum allowed size
  Upload failed: The object exceeded the maximum allowed size
  Upload failed: The object exceeded the maximum allowed size
  Upload failed: Invalid key: unmatched/CLOSED/Ortiz, Jessica/OrtizPolicy- Cert Policy from Carrier-Bart’s MacBook Air.pdf
  Upload failed: Invalid key: unmatched/CLOSED/Piper, Brian/Letter re Undisputed Payment[35][57].pdf
  Upload failed: The object exceeded the maximum allowed size
  Upload failed: The object exceeded the maximum allowed size
  Upload failed: The object exceeded the maximum allowed size
  Upload failed: The object exceeded the maximum allowed size
  Upload failed: The object exceeded the maximum allowed size
  Upload failed: Invalid key: unmatched/CLOSED/Rushing, Lynn/10.31.24 PLAINTIFF’S RESPONSE TO DEFENDANT’S MOTION TO DISMISS  Accepted - Rushing.pdf
  Upload failed: Invalid key: unmatched/CLOSED/Rushing, Lynn/11.15.24 SUR-REPLY IN SUPPORT OF DEFENDANT’S MOTION TO DISMISS - Rushing.pdf
  Upload failed: Invalid key: unmatched/CLOSED/Sanchez, Blanca/Your OnlineNotary, Inc. receipt [
  Upload failed: Invalid key: unmatched/CLOSED/Sanchez, Blanca/10.22.24 DEFENDANT ASHLEY RATCHFORD’S MOTION FOR DISMISSAL -sanchez.pdf
  Upload failed: Invalid key: unmatched/CLOSED/Sanchez, Blanca/10.31.24 DEFENDANT ASHLEY RATCHFORD’S REPLY IN SUPPORT OF MOTION TO DISMISS - Sanchez.pdf
  Upload failed: Invalid key: unmatched/CLOSED/Sanchez, Blanca/10.31.24 PLAINTIFF’S RESPONSE TO DEFENDANT ASHLEY RATCHFORD’S MOTION TO DISMISS FILED - SANCHEZ.pdf
  Upload failed: Invalid key: unmatched/CLOSED/Sanchez, Blanca/Blanca Sanchez’s 2cd vm .m4a
  Upload failed: The object exceeded the maximum allowed size
  Upload failed: Invalid key: unmatched/CLOSED/Scheresky, Jacob/Serv pro invoice[13].pdf
  Upload failed: Invalid key: unmatched/CLOSED/Simran Gasoline LLC,/Urgent Follow-Up – Canopy Claim Processing (Claim 
  Upload failed: Invalid key: unmatched/CLOSED/Simran Gasoline LLC,/Urgent Follow-Up – Claim 
  Upload failed: Invalid key: unmatched/CLOSED/Simran Gasoline LLC,/Urgent Follow-Up – Claim 
  Upload failed: Invalid key: unmatched/CLOSED/Simran Gasoline LLC,/URGENT- FINAL DEMAND for Resolution – Claim 
  Upload failed: Invalid key: unmatched/CLOSED/Simran Gasoline LLC,/Urgent- Required Documentation for Insurance Claim – 500-00-093559.pdf
  Upload failed: Invalid key: unmatched/CLOSED/Ternes, Stephen/Contact, Status, Anything…._.eml
  Upload failed: Invalid key: unmatched/CLOSED/Ternes, Stephen/Rental List_ Chandler 2024 · 5 saved.eml
  Upload failed: Invalid key: unmatched/CLOSED/Ternes, Stephen/Screenshot 2024-04-30 at 1.22.37 PM.eml
  Upload failed: Invalid key: unmatched/CLOSED/Ternes, Stephen/Screenshot 2024-04-30 at 1.25.18 PM.eml
  Upload failed: The object exceeded the maximum allowed size
  Upload failed: The object exceeded the maximum allowed size
  Upload failed: The object exceeded the maximum allowed size
  Upload failed: The object exceeded the maximum allowed size
  Upload failed: The object exceeded the maximum allowed size
  Upload failed: The object exceeded the maximum allowed size
  Upload failed: The object exceeded the maximum allowed size
  Upload failed: The object exceeded the maximum allowed size
  Upload failed: The object exceeded the maximum allowed size
  Upload failed: The object exceeded the maximum allowed size
  Upload failed: Invalid key: unmatched/CLOSED/Trimble, Eric/10.21.24 SHELTER’S NOTICE OF SERVICE OF RESPONSES TO REQUESTS FOR ADMISSION - Trimble.pdf
  Upload failed: Invalid key: unmatched/CLOSED/Voegle, Glenna/20240321-154756Z_Re_ [EXTERNAL] Request for Add.eml
  Upload failed: Invalid key: unmatched/CLOSED/Voegle, Glenna/20240322-172457Z_RE_ [EXTERNAL] Glenna Voegle- .eml
  Upload failed: Invalid key: unmatched/CLOSED/Voegle, Glenna/20240322-180418Z_Re_ [EXTERNAL] Glenna Voegle- .eml
  Upload failed: Invalid key: unmatched/CLOSED/Voegle, Glenna/20240401-235146Z_Re_ [EXTERNAL] Glenna Voegle- .eml
  Upload failed: Invalid key: unmatched/CLOSED/Voegle, Glenna/20240402-210355Z_RE_ [EXTERNAL] Glenna Voegle- .eml
  Upload failed: Invalid key: unmatched/CLOSED/Voegle, Glenna/20240404-195245Z_Re_ [EXTERNAL] Glenna Voegle- .eml
  Upload failed: Invalid key: unmatched/CLOSED/Voegle, Glenna/20240405-165512Z_Re_ [EXTERNAL] Glenna Voegle- .eml
  Upload failed: Invalid key: unmatched/CLOSED/Voegle, Glenna/20240405-165813Z_RE_ [EXTERNAL] Glenna Voegle- .eml
  Upload failed: Invalid key: unmatched/CLOSED/Voegle, Glenna/20240409-214427Z_RE_ [EXTERNAL] Glenna Voegle- .eml
  Upload failed: Invalid key: unmatched/CLOSED/Voegle, Glenna/20240410-141616Z_Re_ [EXTERNAL] Glenna Voegle- .eml
  Upload failed: Invalid key: unmatched/CLOSED/Voegle, Glenna/20240410-145223Z_RE_ [EXTERNAL] Glenna Voegle- .eml
  Upload failed: Invalid key: unmatched/CLOSED/Voegle, Glenna/20240418-204612Z_Re_ [EXTERNAL] Glenna Voegle- .eml
  Upload failed: Invalid key: unmatched/CLOSED/Voegle, Glenna/20240429-185525Z_Re_ [EXTERNAL] Glenna Voegle- .eml
  Upload failed: Invalid key: unmatched/CLOSED/Voegle, Glenna/20240429-195207Z_RE_ [EXTERNAL] Glenna Voegle- .eml
  Upload failed: Invalid key: unmatched/CLOSED/Voegle, Glenna/20240429-204230Z_RE_ [EXTERNAL] Glenna Voegle- .eml
  Upload failed: Invalid key: unmatched/CLOSED/Voegle, Glenna/20240509-183235Z_Re_ [EXTERNAL] Glenna Voegle- .eml
  Upload failed: Invalid key: unmatched/CLOSED/Voegle, Glenna/20240516-002013Z_Re_ [EXTERNAL] Glenna Voegle- .eml
  Upload failed: Invalid key: unmatched/CLOSED/Voegle, Glenna/20240523-130132Z_Re_ [EXTERNAL] Re_ 105-50-1213.eml
  Upload failed: Invalid key: unmatched/CLOSED/Wallin, Hannah/image_1239278391 [Broken].1JPG
  Upload failed: Invalid key: 9ccf2d10-65d5-44e7-ac45-8755e2807b15/Correspondence/Demand - draft-Hans’s Mac mini.docx
  Upload failed: Invalid key: 9ccf2d10-65d5-44e7-ac45-8755e2807b15/Demand Enclosures/Mr. Coleman’s 2024 Tex Return..jpg
  Upload failed: Invalid key: 9ccf2d10-65d5-44e7-ac45-8755e2807b15/Photos and Videos/Screenshot 2026-02-04 at 12.00.18 PM.png
  Upload failed: Invalid key: 9ccf2d10-65d5-44e7-ac45-8755e2807b15/Photos and Videos/Screenshot 2026-02-04 at 12.00.34 PM.png
  Upload failed: Invalid key: 9ccf2d10-65d5-44e7-ac45-8755e2807b15/Photos and Videos/Screenshot 2026-02-04 at 12.00.50 PM.png
  Upload failed: Invalid key: 9ccf2d10-65d5-44e7-ac45-8755e2807b15/Photos and Videos/Screenshot 2026-02-04 at 12.01.06 PM.png
  Upload failed: Invalid key: 9ccf2d10-65d5-44e7-ac45-8755e2807b15/Photos and Videos/Screenshot 2026-02-04 at 12.01.21 PM.png
  Upload failed: Invalid key: 9ccf2d10-65d5-44e7-ac45-8755e2807b15/Photos and Videos/Screenshot 2026-02-04 at 12.01.34 PM.png
  Upload failed: Invalid key: 9ccf2d10-65d5-44e7-ac45-8755e2807b15/Tax Docs/Mr. Coleman’s 2024 Tex Return..jpg
  Upload failed: Invalid key: 242c36d9-7b7b-43d9-a221-53f59926b38e/E-Pleadings/[Doc 11]-2026.02.12-Order for Plf to Show Cause-Collett.pdf
  Upload failed: Invalid key: 242c36d9-7b7b-43d9-a221-53f59926b38e/E-Pleadings/[Doc 12]-2026.02.12-Plf Response to Def Motion to Bifurcate-Collett.pdf
  Upload failed: Invalid key: 242c36d9-7b7b-43d9-a221-53f59926b38e/E-Pleadings/[Doc 13]-Plf's Response to Court Show Cause Order-Collett.pdf
  Upload failed: Invalid key: 242c36d9-7b7b-43d9-a221-53f59926b38e/E-Pleadings/[Doc 14]-2026.02.13-Motion to Bifurcate GRANTED-Collett.pdf
RangeError [ERR_FS_FILE_TOO_LARGE]: File size (4356476102) is greater than 2 GiB
    at readFileHandle (node:internal/fs/promises:536:11)
    at async syncFile (C:\Users\bart\.openclaw\workspace\denham-cms\scripts\sync-onedrive-to-supabase.js:133:18)
    at async main (C:\Users\bart\.openclaw\workspace\denham-cms\scripts\sync-onedrive-to-supabase.js:215:26) {
  code: 'ERR_FS_FILE_TOO_LARGE'
}
